<?xml version="1.0" encoding="UTF-8"?>
<!-- Generated by org.testng.reporters.JUnitReportReporter -->
<testsuite hostname="LAPTOP-UG108639" failures="0" tests="2" name="test.com.itexps.CalculatorTest" time="0.000" errors="0" timestamp="26 Feb 2025 02:45:02 GMT">
  <testcase classname="test.com.itexps.CalculatorTest" name="testAdd" time="0.000"/>
  <testcase classname="test.com.itexps.CalculatorTest" name="testMul" time="0.000"/>
</testsuite> <!-- test.com.itexps.CalculatorTest -->
